This is e-pTeX, Version 3.14159265-p3.5-130605-2.6 (utf8.euc) (TeX Live 2014) (preloaded format=platex 2014.11.8)  6 DEC 2014 07:17
entering extended mode
 restricted \write18 enabled.
 %&-line parsing enabled.
**paper-list.tex
(./paper-list.tex
pLaTeX2e <2006/11/10> (based on LaTeX2e <2014/05/01> patch level 0)
Babel <3.9l> and hyphenation patterns for 79 languages loaded.
(/usr/local/texlive/2014/texmf-dist/tex/platex/base/jarticle.cls
Document Class: jarticle 2006/06/27 v1.6 Standard pLaTeX class
\c@@paper=\count81
(/usr/local/texlive/2014/texmf-dist/tex/platex/base/jsize10.clo
File: jsize10.clo 2006/06/27 v1.6 Standard pLaTeX file (size option)
)
\c@part=\count82
\c@section=\count83
\c@subsection=\count84
\c@subsubsection=\count85
\c@paragraph=\count86
\c@subparagraph=\count87
\c@figure=\count88
\c@table=\count89
\abovecaptionskip=\skip41
\belowcaptionskip=\skip42
\symmincho=\mathgroup4
LaTeX Font Info:    Overwriting symbol font `mincho' in version `bold'
(Font)                  JY1/mc/m/n --> JY1/gt/m/n on input line 601.
\toclineskip=\dimen118
\@lnumwidth=\dimen119
\bibindent=\dimen120
\heisei=\count90
)
(./paper-list.aux)
\openout1 = `paper-list.aux'.

LaTeX Font Info:    Checking defaults for OML/cmm/m/it on input line 4.
LaTeX Font Info:    ... okay on input line 4.
LaTeX Font Info:    Checking defaults for T1/cmr/m/n on input line 4.
LaTeX Font Info:    ... okay on input line 4.
LaTeX Font Info:    Checking defaults for OT1/cmr/m/n on input line 4.
LaTeX Font Info:    ... okay on input line 4.
LaTeX Font Info:    Checking defaults for OMS/cmsy/m/n on input line 4.
LaTeX Font Info:    ... okay on input line 4.
LaTeX Font Info:    Checking defaults for OMX/cmex/m/n on input line 4.
LaTeX Font Info:    ... okay on input line 4.
LaTeX Font Info:    Checking defaults for U/cmr/m/n on input line 4.
LaTeX Font Info:    ... okay on input line 4.
LaTeX Font Info:    Checking defaults for JY1/mc/m/n on input line 4.
LaTeX Font Info:    ... okay on input line 4.
LaTeX Font Info:    Checking defaults for JT1/mc/m/n on input line 4.
LaTeX Font Info:    ... okay on input line 4.
LaTeX Font Info:    External font `cmex10' loaded for size
(Font)              <12> on input line 7.
LaTeX Font Info:    External font `cmex10' loaded for size
(Font)              <8> on input line 7.
LaTeX Font Info:    External font `cmex10' loaded for size
(Font)              <6> on input line 7.
LaTeX Font Info:    Font shape `JT1/mc/bx/n' in size <14.4> not available
(Font)              Font shape `JT1/gt/m/n' tried instead on input line 12.
LaTeX Font Info:    Font shape `JY1/mc/bx/n' in size <14.4> not available
(Font)              Font shape `JY1/gt/m/n' tried instead on input line 12.
LaTeX Font Info:    Font shape `JT1/mc/bx/n' in size <10> not available
(Font)              Font shape `JT1/gt/m/n' tried instead on input line 14.
LaTeX Font Info:    Font shape `JY1/mc/bx/n' in size <10> not available
(Font)              Font shape `JY1/gt/m/n' tried instead on input line 14.
LaTeX Font Info:    Try loading font information for OMS+cmr on input line 38.
 (/usr/local/texlive/2014/texmf-dist/tex/latex/base/omscmr.fd
File: omscmr.fd 2014/09/29 v2.5h Standard LaTeX font definitions
)
LaTeX Font Info:    Font shape `OMS/cmr/m/n' in size <10> not available
(Font)              Font shape `OMS/cmsy/m/n' tried instead on input line 38.
 [1

]
Overfull \hbox (1.69508pt too wide) in paragraph at lines 48--49
[]\OT1/cmr/m/n/10 Hidehiko Ma-suhara, Shigeru Chiba, Naoy-asu Ubayashi (Eds.): 
Aspect-
 []


Overfull \hbox (1.69508pt too wide) in paragraph at lines 50--51
[]\OT1/cmr/m/n/10 Hidehiko Ma-suhara, Shigeru Chiba, Naoy-asu Ubayashi (Eds.): 
Aspect-
 []


Overfull \hbox (18.30516pt too wide) in paragraph at lines 50--51
\OT1/cmr/m/n/10 Oriented Soft-ware De-vel-op-ment, AOSD '13, Com-pan-ion Vol-um
e, Fukuoka,
 []

LaTeX Font Info:    Font shape `JT1/mc/bx/n' in size <12> not available
(Font)              Font shape `JT1/gt/m/n' tried instead on input line 67.
LaTeX Font Info:    Font shape `JY1/mc/bx/n' in size <12> not available
(Font)              Font shape `JY1/gt/m/n' tried instead on input line 67.

LaTeX Font Warning: Font shape `JT1/gt/m/it' undefined
(Font)              using `JT1/gt/m/n' instead on input line 72.


LaTeX Font Warning: Font shape `JY1/gt/m/it' undefined
(Font)              using `JY1/gt/m/n' instead on input line 72.


Overfull \hbox (0.58405pt too wide) in paragraph at lines 82--85
[]\OT1/cmr/m/n/10 Naoyasu Ubayashi, Shin Naka-jima, and Masayuki Hi-rayama: Con
text-
 []


Overfull \hbox (6.22284pt too wide) in paragraph at lines 90--93
[]\OT1/cmr/m/n/10 Naoyasu Ubayashi and Ya-su-taka Kamei: An Ex-ten-si-ble Aspec
t-oriented
 []

[2]
Overfull \hbox (3.69504pt too wide) in paragraph at lines 102--106
\OT1/cmr/m/n/10 Satoshi Mu-rakami: Meta-model Ac-cess Pro-to-cols for Ex-ten-si
-ble Aspect-
 []


Overfull \hbox (11.13963pt too wide) in paragraph at lines 107--112
[]\OT1/cmr/m/n/10 Kouhei Saku-rai, Hide-hiko Ma-suhara, Naoy-asu Ubayashi, Saek
o Matuura,
 []

[3]
Overfull \hbox (17.94528pt too wide) in paragraph at lines 140--143
\OT1/cmr/m/n/10 Kim-i-taka Kato, Ak-i-hiko Ishizuka, Kazu-toshi Sak-aguchi, Miy
uki Kawataka,
 []

[4]
Overfull \hbox (6.96951pt too wide) in paragraph at lines 178--182
\OT1/cmr/m/it/10 En-gi-neer-ing and Soft-ware De-vel-op-ment (MOD-EL-SWARD 2013
)\OT1/cmr/m/n/10 , pp.89-
 []

[5]
Overfull \hbox (0.58405pt too wide) in paragraph at lines 228--233
[]\OT1/cmr/m/n/10 Naoyasu Ubayashi, Shin Naka-jima, and Masayuki Hi-rayama: Con
text-
 []

[6]
Overfull \hbox (14.75291pt too wide) in paragraph at lines 244--248
\OT1/cmr/m/it/10 Con-fer-ence on Au-to-mated Soft-ware En-gi-neer-ing (ASE 2009
) \OT1/cmr/m/n/10 Tool Demon-
 []


Overfull \hbox (3.8591pt too wide) in paragraph at lines 259--265
\OT1/cmr/m/it/10 ings of the 15th Asia-Pacific Soft-ware En-gi-neer-ing Con-fer
-ence (APSEC
 []


Overfull \hbox (24.86185pt too wide) in paragraph at lines 278--281
[]\OT1/cmr/m/n/10 Keiichi Katamine, Ya-su-fumi Shinyashiki, Toshiro Mise, Masaa
ki Hashimoto,
 []

[7]
Overfull \hbox (2.79723pt too wide) in paragraph at lines 286--289
\OT1/cmr/m/it/10 In-ter-na-tional Project Man-age-ment Con-fer-ence (Pro-MAC 20
08) \OT1/cmr/m/n/10 (2008). 
 []


Overfull \hbox (3.02846pt too wide) in paragraph at lines 290--296
[]\OT1/cmr/m/n/10 Naoyasu Ubayashi, Yuki Sato, Ak-i-hiro Sakai, and Tet-suo Tam
ai: Alloy-
 []

[8]
Overfull \hbox (24.86185pt too wide) in paragraph at lines 318--322
[]\OT1/cmr/m/n/10 Yasufumi Shinyashiki, Toshiro Mise, Masaaki Hashimoto, Kei-ic
hi Katamine,
 []


Overfull \hbox (7.7784pt too wide) in paragraph at lines 323--328
[]\OT1/cmr/m/n/10 Naoyasu Ubayashi and Shin Naka-jima: Context-aware Feature-Or
iented
 []


Overfull \hbox (8.83408pt too wide) in paragraph at lines 337--341
\OT1/cmr/m/n/10 Hashimoto, Naoy-asu Ubayashi, Kei-ichi Katamine, and Takako Nak
atani:
 []


Overfull \hbox (2.85905pt too wide) in paragraph at lines 337--341
\OT1/cmr/m/it/10 Joint Con-fer-ence on Knowledge-Based Soft-ware En-gi-neer-ing
 (JCKBSE
 []


Overfull \hbox (16.25072pt too wide) in paragraph at lines 342--346
[]\OT1/cmr/m/n/10 Toshiro Mise, Ya-suhumi Shini-ashiki, Takako Nakatani, Naoy-a
su Ubayashi,
 []


Overfull \hbox (3.69504pt too wide) in paragraph at lines 347--352
\OT1/cmr/m/n/10 Satoshi Mu-rakami: Meta-model Ac-cess Pro-to-cols for Ex-ten-si
-ble Aspect-
 []

[9]
Overfull \hbox (24.86185pt too wide) in paragraph at lines 353--359
[]\OT1/cmr/m/n/10 Toshiro Mise, Masaaki Hashimoto, Kei-ichi Katamine, Ya-su-fum
i Shinyashiki,
 []


Overfull \hbox (1.33046pt too wide) in paragraph at lines 353--359
\OT1/cmr/m/it/10 gi-neer-ing Con-fer-ence (APSEC 2005)\OT1/cmr/m/n/10 , IEEE Co
m-puter So-ci-ety, pp.447-
 []


Overfull \hbox (13.35446pt too wide) in paragraph at lines 367--373
\OT1/cmr/m/it/10 En-gi-neer-ing (GPCE 2005), Lec-ture Notes in Com-puter Sci-en
ce\OT1/cmr/m/n/10 , Springer-
 []

[10] [11]
Overfull \hbox (16.91743pt too wide) in paragraph at lines 452--455
[]\OT1/cmr/m/n/10 Changyun Huang, Kazuhiro Ya-mashita, Ya-su-taka Kamei, Kenji 
Hisazumi,
 []


Overfull \hbox (3.05507pt too wide) in paragraph at lines 464--467
\OT1/cmr/m/n/10 DSML for Context-Aware Sys-tems, 12th Work-shop on Domain-Speci
fic
 []


Overfull \hbox (1.02847pt too wide) in paragraph at lines 468--471
\OT1/cmr/m/n/10 Naoy-asu Ubayashi, and Akira Fukuda: QO-RAL: An Ex-ter-nal Doma
in-
 []

[12]
Overfull \hbox (14.55623pt too wide) in paragraph at lines 484--487
\OT1/cmr/m/n/10 SMT-based De-bug-ging Sup-port for Con-textJ*, 3rd Work-shop on
 Context-
 []

[13]
Overfull \hbox (15.08401pt too wide) in paragraph at lines 510--515
[]\OT1/cmr/m/n/10 Naoyasu Ubayashi, Toshiki Seto, Hi-ro-to-shi Kana-gawa, Susum
u Taniguchi,
 []


Overfull \hbox (3.63947pt too wide) in paragraph at lines 540--544
\OT1/cmr/m/n/10 cerns --- Ap-ply-ing As-pect Ori-en-ta-tion to VDM, Sec-ond Ove
r-ture (Open
 []


Overfull \hbox (3.61179pt too wide) in paragraph at lines 540--544
\OT1/cmr/m/n/10 Source For-mal Meth-ods Tools) Work-shop (Work-shop at FM'06) (
2006). 
 []

[14] [15] [16] [17] [18] [19] [20] [21] [22] [23] [24] [25] [26] [27] [28]
[29] [30] [31] [32] [33] [34] [35] [36] [37] [38] [39] (./paper-list.aux)

LaTeX Font Warning: Some font shapes were not available, defaults substituted.

 ) 
Here is how much of TeX's memory you used:
 316 strings out of 493799
 3440 string characters out of 6151522
 61727 words of memory out of 5000000
 3853 multiletter control sequences out of 15000+600000
 14062 words of font info for 54 fonts, out of 8000000 for 9000
 929 hyphenation exceptions out of 8191
 22i,6n,19p,274b,225s stack positions out of 5000i,500n,10000p,200000b,80000s

Output written on paper-list.dvi (39 pages, 137736 bytes).
